<?xml version="1.0" encoding="UTF-8"?>
<!-- Generated by org.testng.reporters.JUnitReportReporter -->
<testsuite hostname="DESKTOP-N8L1EIS" failures="0" tests="1" name="cucumber.TestNGTestRunner" time="11.162" errors="0" timestamp="2024-11-08T11:40:07 IST" skipped="0">
  <testcase classname="cucumber.TestNGTestRunner" name="runScenario" time="11.162"/>
</testsuite> <!-- cucumber.TestNGTestRunner -->
