<?xml version="1.0" encoding="UTF-8"?>
<!-- Generated by org.testng.reporters.JUnitReportReporter -->
<testsuite hostname="DESKTOP-N8L1EIS" failures="0" tests="2" name="seleniumproject.test.StandAloneTest" time="18.370" errors="0" timestamp="2024-11-07T16:07:52 IST" skipped="0">
  <testcase classname="seleniumproject.test.StandAloneTest" name="SubmitOrder" time="11.807"/>
  <testcase classname="seleniumproject.test.StandAloneTest" name="SubmitOrder" time="6.563"/>
</testsuite> <!-- seleniumproject.test.StandAloneTest -->
