<?xml version="1.0" encoding="UTF-8"?>
<!-- Generated by org.testng.reporters.JUnitReportReporter -->
<testsuite hostname="DESKTOP-N8L1EIS" failures="0" tests="1" name="seleniumproject.test.ErrorValidationsTest" time="5.439" errors="0" timestamp="2024-11-07T15:35:39 IST" skipped="0">
  <testcase classname="seleniumproject.test.ErrorValidationsTest" name="ErrorMsg" time="5.439"/>
</testsuite> <!-- seleniumproject.test.ErrorValidationsTest -->
